[debug] [2020-04-30T06:28:33.725Z] ----------------------------------------------------------------------
[debug] [2020-04-30T06:28:33.727Z] Command:       /Users/irfan/.nvm/versions/node/v12.14.1/bin/node /Users/irfan/.nvm/versions/node/v12.14.1/bin/firebase deploy --only hosting
[debug] [2020-04-30T06:28:33.727Z] CLI Version:   8.1.1
[debug] [2020-04-30T06:28:33.727Z] Platform:      darwin
[debug] [2020-04-30T06:28:33.727Z] Node Version:  v12.14.1
[debug] [2020-04-30T06:28:33.728Z] Time:          Thu Apr 30 2020 14:28:33 GMT+0800 (Malaysia Time)
[debug] [2020-04-30T06:28:33.728Z] ----------------------------------------------------------------------
[debug] [2020-04-30T06:28:33.728Z] 
[debug] [2020-04-30T06:28:33.745Z] > command requires scopes: ["email","openid","https://www.googleapis.com/auth/cloudplatformprojects.readonly","https://www.googleapis.com/auth/firebase","https://www.googleapis.com/auth/cloud-platform"]
[debug] [2020-04-30T06:28:33.746Z] > authorizing via signed-in user
[debug] [2020-04-30T06:28:33.746Z] [iam] checking project majoh-8eea2 for permissions ["firebase.projects.get","firebasehosting.sites.update"]
[debug] [2020-04-30T06:28:33.748Z] > refreshing access token with scopes: ["email","https://www.googleapis.com/auth/cloud-platform","https://www.googleapis.com/auth/cloudplatformprojects.readonly","https://www.googleapis.com/auth/firebase","openid"]
[debug] [2020-04-30T06:28:33.748Z] >>> HTTP REQUEST POST https://www.googleapis.com/oauth2/v3/token  
 <request body omitted>
[debug] [2020-04-30T06:28:33.985Z] <<< HTTP RESPONSE 200 {"content-type":"application/json; charset=utf-8","vary":"X-Origin, Referer, Origin,Accept-Encoding","date":"Thu, 30 Apr 2020 06:28:33 GMT","server":"scaffolding on HTTPServer2","cache-control":"private","x-xss-protection":"0","x-frame-options":"SAMEORIGIN","x-content-type-options":"nosniff","alt-svc":"quic=\":443\"; ma=2592000; v=\"46,43\",h3-Q050=\":443\"; ma=2592000,h3-Q049=\":443\"; ma=2592000,h3-Q048=\":443\"; ma=2592000,h3-Q046=\":443\"; ma=2592000,h3-Q043=\":443\"; ma=2592000,h3-T050=\":443\"; ma=2592000","accept-ranges":"none","transfer-encoding":"chunked"}
[debug] [2020-04-30T06:28:34.029Z] >>> HTTP REQUEST POST https://cloudresourcemanager.googleapis.com/v1/projects/majoh-8eea2:testIamPermissions  
 {"permissions":["firebase.projects.get","firebasehosting.sites.update"]}
[debug] [2020-04-30T06:28:35.724Z] <<< HTTP RESPONSE 200 {"content-type":"application/json; charset=UTF-8","vary":"X-Origin, Referer, Origin,Accept-Encoding","date":"Thu, 30 Apr 2020 06:28:35 GMT","server":"ESF","cache-control":"private","x-xss-protection":"0","x-frame-options":"SAMEORIGIN","x-content-type-options":"nosniff","server-timing":"gfet4t7; dur=1220","alt-svc":"h3-Q050=\":443\"; ma=2592000,h3-Q049=\":443\"; ma=2592000,h3-Q048=\":443\"; ma=2592000,h3-Q046=\":443\"; ma=2592000,h3-Q043=\":443\"; ma=2592000,quic=\":443\"; ma=2592000; v=\"46,43\"","accept-ranges":"none","transfer-encoding":"chunked"}
[debug] [2020-04-30T06:28:35.726Z] >>> HTTP REQUEST GET https://firebase.googleapis.com/v1beta1/projects/majoh-8eea2  
 
[debug] [2020-04-30T06:28:36.179Z] <<< HTTP RESPONSE 200 {"content-type":"application/json; charset=UTF-8","vary":"X-Origin, Referer, Origin,Accept-Encoding","date":"Thu, 30 Apr 2020 06:28:36 GMT","server":"ESF","cache-control":"private","x-xss-protection":"0","x-frame-options":"SAMEORIGIN","x-content-type-options":"nosniff","alt-svc":"h3-Q050=\":443\"; ma=2592000,h3-Q049=\":443\"; ma=2592000,h3-Q048=\":443\"; ma=2592000,h3-Q046=\":443\"; ma=2592000,h3-Q043=\":443\"; ma=2592000,h3-T050=\":443\"; ma=2592000,quic=\":443\"; ma=2592000; v=\"46,43\"","accept-ranges":"none","transfer-encoding":"chunked"}
[warn] ⚠  functions: package.json indicates an outdated version of firebase-functions.
Please upgrade using npm install --save firebase-functions@latest in your functions directory.
[info] 
[info] === Deploying to 'majoh-8eea2'...
[info] 
[info] i  deploying hosting
[debug] [2020-04-30T06:28:39.891Z] >>> HTTP REQUEST POST https://firebasehosting.googleapis.com/v1beta1/sites/majoh-8eea2/versions  
 {"config":{"rewrites":[{"glob":"/build/**","path":"/index.html"},{"glob":"**","path":"/index.html"}]},"labels":{"deployment-tool":"cli-firebase"}}
[debug] [2020-04-30T06:28:42.074Z] <<< HTTP RESPONSE 200 {"content-type":"application/json; charset=UTF-8","vary":"X-Origin, Referer, Origin,Accept-Encoding","date":"Thu, 30 Apr 2020 06:28:41 GMT","server":"ESF","cache-control":"private","x-xss-protection":"0","x-frame-options":"SAMEORIGIN","x-content-type-options":"nosniff","alt-svc":"h3-Q050=\":443\"; ma=2592000,h3-Q049=\":443\"; ma=2592000,h3-Q048=\":443\"; ma=2592000,h3-Q046=\":443\"; ma=2592000,h3-Q043=\":443\"; ma=2592000,quic=\":443\"; ma=2592000; v=\"46,43\"","accept-ranges":"none","transfer-encoding":"chunked"}
[info] i  hosting[majoh-8eea2]: beginning deploy...
[info] i  hosting[majoh-8eea2]: found 36 files in build
[debug] [2020-04-30T06:28:43.180Z] [hosting] hash cache [YnVpbGQ] stored for 36 files
[debug] [2020-04-30T06:28:43.181Z] [hosting][hash queue][FINAL] {"max":1079,"min":29,"avg":64.63888888888889,"active":0,"complete":36,"success":36,"errored":0,"retried":0,"total":36,"elapsed":1089}
[debug] [2020-04-30T06:28:43.181Z] >>> HTTP REQUEST POST https://firebasehosting.googleapis.com/v1beta1/sites/majoh-8eea2/versions/800a450022f6e81f:populateFiles  
 <request body omitted>
